<?xml version="1.0" encoding="UTF-8"?>
<!-- Generated by org.testng.reporters.JUnitReportReporter -->
<testsuite hostname="LAPTOP-L0996S31" failures="0" tests="3" name="TestCases.TC001_AccountRegistrationTest" time="23.081" errors="0" timestamp="2025-09-09T21:29:55 IST" skipped="0">
  <testcase classname="TestCases.TC001_AccountRegistrationTest" name="verifyAccountRegistration" time="7.770"/>
  <testcase classname="TestCases.TC001_AccountRegistrationTest" name="verifyAccountRegistration" time="7.701"/>
  <testcase classname="TestCases.TC001_AccountRegistrationTest" name="verifyAccountRegistration" time="7.610"/>
</testsuite> <!-- TestCases.TC001_AccountRegistrationTest -->
